#
# A fatal error has been detected by the Java Runtime Environment:
#
#  EXCEPTION_ACCESS_VIOLATION (0xc0000005) at pc=0x00007ffcb8c19ab7, pid=11164, tid=11184
#
# JRE version: OpenJDK Runtime Environment Temurin-17.0.10+7 (17.0.10+7) (build 17.0.10+7)
# Java VM: OpenJDK 64-Bit Server VM Temurin-17.0.10+7 (17.0.10+7, mixed mode, tiered, compressed oops, compressed class ptrs, parallel gc, windows-amd64)
# Problematic frame:
# V  [jvm.dll+0x6b9ab7]
#
# No core dump will be written. Minidumps are not enabled by default on client versions of Windows
#
# If you would like to submit a bug report, please visit:
#   https://github.com/adoptium/adoptium-support/issues
#

---------------  S U M M A R Y ------------

Command Line: --add-modules=ALL-SYSTEM --add-opens=java.base/java.util=ALL-UNNAMED --add-opens=java.base/java.lang=ALL-UNNAMED --add-opens=java.base/sun.nio.fs=ALL-UNNAMED -Declipse.application=org.eclipse.jdt.ls.core.id1 -Dosgi.bundles.defaultStartLevel=4 -Declipse.product=org.eclipse.jdt.ls.core.product -Djava.import.generatesMetadataFilesAtProjectRoot=false -DDetectVMInstallationsJob.disabled=true -Dfile.encoding=utf8 -XX:+UseParallelGC -XX:GCTimeRatio=4 -XX:AdaptiveSizePolicyWeight=90 -Dsun.zip.disableMemoryMapping=true -Xmx1G -Xms100m -Xlog:disable -javaagent:c:\Users\Dell i5 MBR\.vscode\extensions\redhat.java-1.27.0-win32-x64\lombok\lombok-1.18.31.jar -XX:+HeapDumpOnOutOfMemoryError -XX:HeapDumpPath=c:\Users\Dell i5 MBR\AppData\Roaming\Code\User\workspaceStorage\2f2a19adf0cf07371138c7696428cceb\redhat.java -Daether.dependencyCollector.impl=bf c:\Users\Dell i5 MBR\.vscode\extensions\redhat.java-1.27.0-win32-x64\server\plugins\org.eclipse.equinox.launcher_1.6.700.v20231214-2017.jar -configuration c:\Users\Dell i5 MBR\AppData\Roaming\Code\User\globalStorage\redhat.java\1.27.0\config_win -data c:\Users\Dell i5 MBR\AppData\Roaming\Code\User\workspaceStorage\2f2a19adf0cf07371138c7696428cceb\redhat.java\jdt_ws --stdio

Host: Intel(R) Core(TM) i5-2450M CPU @ 2.50GHz, 4 cores, 5G,  Windows 11 , 64 bit Build 22621 (10.0.22621.2428)
Time: Sun Feb  4 14:23:29 2024 Hora oficial do Brasil elapsed time: 25113.074074 seconds (0d 6h 58m 33s)

---------------  T H R E A D  ---------------

Current thread (0x000001bdae25da80):  GCTaskThread "GC Thread#0" [stack: 0x000000b8f2700000,0x000000b8f2800000] [id=11184]

Stack: [0x000000b8f2700000,0x000000b8f2800000],  sp=0x000000b8f27ff540,  free space=1021k
Native frames: (J=compiled Java code, j=interpreted, Vv=VM code, C=native code)
V  [jvm.dll+0x6b9ab7]
V  [jvm.dll+0x6b5137]
V  [jvm.dll+0x6872ce]
V  [jvm.dll+0x6b99d6]
V  [jvm.dll+0x6ba23b]
V  [jvm.dll+0x86226b]
V  [jvm.dll+0x8622b6]
V  [jvm.dll+0x7e3fba]
V  [jvm.dll+0x67c1b5]
C  [ucrtbase.dll+0x29363]
C  [KERNEL32.DLL+0x1257d]
C  [ntdll.dll+0x5aa78]


siginfo: EXCEPTION_ACCESS_VIOLATION (0xc0000005), reading address 0x00000001040407c8


Registers:
RAX=0x00000001040407c0, RBX=0x000000000085da49, RCX=0x0000000000000003, RDX=0x00000000c42ed248
RSP=0x000000b8f27ff540, RBP=0x0000000000d60000, RSI=0x00000000008f0000, RDI=0x000000000085da50
R8 =0x00000000208080f8, R9 =0x0000000000000001, R10=0x0000000000000000, R11=0x000001bdc3f30910
R12=0x00000000008f0000, R13=0x0000000000d60000, R14=0x00007ffcb90fd7d0, R15=0x000000b8f27ff670
RIP=0x00007ffcb8c19ab7, EFLAGS=0x0000000000010206


Register to memory mapping:

RIP=0x00007ffcb8c19ab7 jvm.dll
RAX=0x00000001040407c0 is an unknown value
RBX=0x000000000085da49 is an unknown value
RCX=0x0000000000000003 is an unknown value
RDX=
[error occurred during error reporting (printing register info), id 0xc0000005, EXCEPTION_ACCESS_VIOLATION (0xc0000005) at pc=0x00007ffcb8be9936]

Top of Stack: (sp=0x000000b8f27ff540)
0x000000b8f27ff540:   000000000085da46 00000000008f0000
0x000000b8f27ff550:   000000000085da48 0000000000d60000
0x000000b8f27ff560:   00007ffcb8f118e8 0000000000000000
0x000000b8f27ff570:   000001bdc3f30910 0000000000d60000
0x000000b8f27ff580:   0000000000000003 00007ffcb8c15137
0x000000b8f27ff590:   0000000000000000 000001bdae1372a0
0x000000b8f27ff5a0:   000000b8f27ff601 00007ffcb8da8568
0x000000b8f27ff5b0:   000000000050bff3 00007ffcb8be72ce
0x000000b8f27ff5c0:   000000000050bff6 0000000000d60000
0x000000b8f27ff5d0:   00000000005b0000 00002d44ec94d9a1
0x000000b8f27ff5e0:   000001bdc3f30910 0000000000000000
0x000000b8f27ff5f0:   00007ffcb90fd630 00007ffcb90fd7d0
0x000000b8f27ff600:   0000000000000082 00007ffcb8c199d6
0x000000b8f27ff610:   00000000008f0000 0000000000000000
0x000000b8f27ff620:   000000b8f27ff640 000000000000008f
0x000000b8f27ff630:   00000000008f0000 0000000000d60000
0x000000b8f27ff640:   00007ffcb8f118d8 00007ffcb90fd7d0
0x000000b8f27ff650:   000001bdc3f30910 ffffffffffffffff
0x000000b8f27ff660:   0000000000000000 000001bdae236b60
0x000000b8f27ff670:   00007ffcb8f118c8 00007ffcb90fd7d0
0x000000b8f27ff680:   000001bdc3f30910 ffffffffffffffff
0x000000b8f27ff690:   0000000000000000 0000000000000000
0x000000b8f27ff6a0:   000001bdae236b60 0000000000000000
0x000000b8f27ff6b0:   0000000000000000 000001bdae25da80
0x000000b8f27ff6c0:   0000000000000000 0000000000000000
0x000000b8f27ff6d0:   0000000000000000 00007ffcb8c1a23b
0x000000b8f27ff6e0:   000000b8f28ff220 0000000000000000
0x000000b8f27ff6f0:   000001bdc3f30910 0000000000000000
0x000000b8f27ff700:   0000000000000000 0000000000000000
0x000000b8f27ff710:   000000000000008f 000001bdae24bf90
0x000000b8f27ff720:   000000b8f28ff220 00007ffcb8dc226b
0x000000b8f27ff730:   0000000000000001 000001bdae25da80 

Instructions: (pc=0x00007ffcb8c19ab7)
0x00007ffcb8c199b7:   00 00 4c 89 64 24 38 4c 89 7c 24 40 48 c7 44 24
0x00007ffcb8c199c7:   48 ff ff ff ff 48 89 5c 24 20 e8 ea d7 fc ff 85
0x00007ffcb8c199d7:   c0 75 40 48 8b 84 24 90 00 00 00 48 8b 94 24 80
0x00007ffcb8c199e7:   00 00 00 48 8b ca 48 c1 e9 09 4c 8b 40 70 49 03
0x00007ffcb8c199f7:   c8 49 c1 e0 09 48 8b c1 48 c1 e0 09 4c 2b c0 4c
0x00007ffcb8c19a07:   03 c2 49 c1 e8 03 44 88 01 48 8b 4c 24 70 e8 66
0x00007ffcb8c19a17:   00 00 00 48 8b 0d 07 3e 4e 00 48 8d 04 b6 48 8d
0x00007ffcb8c19a27:   14 c1 48 8d 04 bf 48 8d 04 c1 48 3b c2 73 25 66
0x00007ffcb8c19a37:   66 0f 1f 84 00 00 00 00 00 8b 48 1c 81 e1 ff ff
0x00007ffcb8c19a47:   ff 07 81 c9 00 00 00 60 89 48 1c 48 83 c0 28 48
0x00007ffcb8c19a57:   3b c2 72 e5 4c 8d 9c 24 a0 00 00 00 49 8b 5b 30
0x00007ffcb8c19a67:   49 8b 6b 38 49 8b 73 40 49 8b e3 41 5f 41 5e 41
0x00007ffcb8c19a77:   5d 41 5c 5f c3 cc cc cc cc 48 83 ec 48 44 0f b6
0x00007ffcb8c19a87:   0d f6 98 4c 00 4c 8b d9 8b 0d 63 d8 45 00 4c 8b
0x00007ffcb8c19a97:   15 54 d8 45 00 45 84 c9 74 0f 44 8b 42 08 41 8b
0x00007ffcb8c19aa7:   c0 48 d3 e0 49 03 c2 eb 07 48 8b 42 08 44 8b c0
0x00007ffcb8c19ab7:   81 78 08 00 00 00 c0 73 3f 48 c7 44 24 28 00 00
0x00007ffcb8c19ac7:   00 00 48 8d 05 18 7e 2f 00 48 89 44 24 20 4c 89
0x00007ffcb8c19ad7:   5c 24 30 45 84 c9 74 08 49 d3 e0 4d 03 c2 eb 04
0x00007ffcb8c19ae7:   4c 8b 42 08 49 63 40 0c 4c 8d 0d 7a 2c 47 00 48
0x00007ffcb8c19af7:   8d 4c 24 20 41 ff 14 c1 48 83 c4 48 c3 cc cc cc
0x00007ffcb8c19b07:   cc cc cc cc cc cc cc cc cc 48 89 5c 24 18 55 56
0x00007ffcb8c19b17:   57 41 54 41 55 41 56 41 57 48 8b ec 48 81 ec 80
0x00007ffcb8c19b27:   00 00 00 48 8b 05 07 ef 48 00 48 33 c4 48 89 45
0x00007ffcb8c19b37:   f8 4c 8d b1 40 01 00 00 89 55 b4 44 8b fa 48 89
0x00007ffcb8c19b47:   4d b8 4c 8b e1 48 8d 55 b0 33 db 49 8b ce 89 5d
0x00007ffcb8c19b57:   b0 e8 73 8a 1a 00 4c 8d 2d e4 7d 2f 00 84 c0 0f
0x00007ffcb8c19b67:   84 87 00 00 00 4c 8d 25 5d d0 29 00 8b 7d b0 41
0x00007ffcb8c19b77:   8b cf e8 e2 6c ff ff 4c 89 6d c0 48 8b f0 48 89
0x00007ffcb8c19b87:   45 c8 85 ff 74 2e 83 ff 02 75 45 4c 8d 0d bf 7f
0x00007ffcb8c19b97:   2f 00 89 7c 24 20 41 b8 c7 07 00 00 48 8d 15 ce
0x00007ffcb8c19ba7:   7f 2f 00 b9 00 00 00 e0 e8 bc d8 b8 ff e8 17 32 


Stack slot to memory mapping:
stack at sp + 0 slots: 0x000000000085da46 is an unknown value
stack at sp + 1 slots: 0x00000000008f0000 is an unknown value
stack at sp + 2 slots: 0x000000000085da48 is an unknown value
stack at sp + 3 slots: 0x0000000000d60000 is an unknown value
stack at sp + 4 slots: 0x00007ffcb8f118e8 jvm.dll
stack at sp + 5 slots: 0x0 is NULL
stack at sp + 6 slots: 0x000001bdc3f30910 points into unknown readable memory: 0x000001bdae2f7bc0 | c0 7b 2f ae bd 01 00 00
stack at sp + 7 slots: 0x0000000000d60000 is an unknown value


---------------  P R O C E S S  ---------------

Threads class SMR info:
_java_thread_list=0x000001bddc038a70, length=39, elements={
0x000001bdae248460, 0x000001bdc3feb6f0, 0x000001bdae2fa600, 0x000001bdc3fe0c60,
0x000001bdc4022670, 0x000001bdc4023400, 0x000001bdc4024e40, 0x000001bdc4025a40,
0x000001bdc9274860, 0x000001bdc9291510, 0x000001bdc92ad430, 0x000001bdc957efa0,
0x000001bdc9d77ea0, 0x000001bdc9d21530, 0x000001bdc94d1ff0, 0x000001bdc9e2e9d0,
0x000001bdca1b2ba0, 0x000001bdc9d0f310, 0x000001bdc9d0fd30, 0x000001bdc9d0cfa0,
0x000001bdc9d0d4b0, 0x000001bdc9d0e8f0, 0x000001bdc9d0ee00, 0x000001bdccdba0d0,
0x000001bdccdbf6e0, 0x000001bdccdc1030, 0x000001bdcabb3c70, 0x000001bdc99a1400,
0x000001bdc99a04d0, 0x000001bdc999eb80, 0x000001bdc99a2840, 0x000001bdc999f090,
0x000001bdc99a3260, 0x000001bdc99a3770, 0x000001bdc99a0ef0, 0x000001bdc99a3c80,
0x000001bdc99a1e20, 0x000001bdc99a2330, 0x000001bdccdbba20
}

Java Threads: ( => current thread )
  0x000001bdae248460 JavaThread "main" [_thread_blocked, id=11180, stack(0x000000b8f2600000,0x000000b8f2700000)]
  0x000001bdc3feb6f0 JavaThread "Reference Handler" daemon [_thread_blocked, id=11196, stack(0x000000b8f2900000,0x000000b8f2a00000)]
  0x000001bdae2fa600 JavaThread "Finalizer" daemon [_thread_blocked, id=11200, stack(0x000000b8f2a00000,0x000000b8f2b00000)]
  0x000001bdc3fe0c60 JavaThread "Signal Dispatcher" daemon [_thread_blocked, id=11208, stack(0x000000b8f2b00000,0x000000b8f2c00000)]
  0x000001bdc4022670 JavaThread "Attach Listener" daemon [_thread_blocked, id=11212, stack(0x000000b8f2c00000,0x000000b8f2d00000)]
  0x000001bdc4023400 JavaThread "Service Thread" daemon [_thread_blocked, id=11216, stack(0x000000b8f2d00000,0x000000b8f2e00000)]
  0x000001bdc4024e40 JavaThread "Monitor Deflation Thread" daemon [_thread_blocked, id=11220, stack(0x000000b8f2e00000,0x000000b8f2f00000)]
  0x000001bdc4025a40 JavaThread "C2 CompilerThread0" daemon [_thread_blocked, id=11224, stack(0x000000b8f2f00000,0x000000b8f3000000)]
  0x000001bdc9274860 JavaThread "C1 CompilerThread0" daemon [_thread_blocked, id=11228, stack(0x000000b8f3000000,0x000000b8f3100000)]
  0x000001bdc9291510 JavaThread "Sweeper thread" daemon [_thread_blocked, id=11232, stack(0x000000b8f3100000,0x000000b8f3200000)]
  0x000001bdc92ad430 JavaThread "Common-Cleaner" daemon [_thread_blocked, id=11236, stack(0x000000b8f3200000,0x000000b8f3300000)]
  0x000001bdc957efa0 JavaThread "Notification Thread" daemon [_thread_blocked, id=10024, stack(0x000000b8f3300000,0x000000b8f3400000)]
  0x000001bdc9d77ea0 JavaThread "Active Thread: Equinox Container: 42b01552-a8ec-4f43-af3a-82b644f0c596" [_thread_blocked, id=10292, stack(0x000000b8f3800000,0x000000b8f3900000)]
  0x000001bdc9d21530 JavaThread "Framework Event Dispatcher: Equinox Container: 42b01552-a8ec-4f43-af3a-82b644f0c596" daemon [_thread_blocked, id=10376, stack(0x000000b8f3a00000,0x000000b8f3b00000)]
  0x000001bdc94d1ff0 JavaThread "Start Level: Equinox Container: 42b01552-a8ec-4f43-af3a-82b644f0c596" daemon [_thread_blocked, id=11252, stack(0x000000b8f3b00000,0x000000b8f3c00000)]
  0x000001bdc9e2e9d0 JavaThread "Bundle File Closer" daemon [_thread_blocked, id=3468, stack(0x000000b8f3900000,0x000000b8f3a00000)]
  0x000001bdca1b2ba0 JavaThread "SCR Component Actor" daemon [_thread_blocked, id=11304, stack(0x000000b8f3c00000,0x000000b8f3d00000)]
  0x000001bdc9d0f310 JavaThread "Worker-JM" [_thread_blocked, id=11448, stack(0x000000b8f3e00000,0x000000b8f3f00000)]
  0x000001bdc9d0fd30 JavaThread "Java indexing" daemon [_thread_blocked, id=11940, stack(0x000000b8f2400000,0x000000b8f2500000)]
  0x000001bdc9d0cfa0 JavaThread "JNA Cleaner" daemon [_thread_blocked, id=11960, stack(0x000000b8f3d00000,0x000000b8f3e00000)]
  0x000001bdc9d0d4b0 JavaThread "pool-2-thread-1" [_thread_blocked, id=11980, stack(0x000000b8f4500000,0x000000b8f4600000)]
  0x000001bdc9d0e8f0 JavaThread "WorkspaceEventsHandler" [_thread_blocked, id=11984, stack(0x000000b8f4600000,0x000000b8f4700000)]
  0x000001bdc9d0ee00 JavaThread "pool-1-thread-1" [_thread_blocked, id=11988, stack(0x000000b8f4700000,0x000000b8f4800000)]
  0x000001bdccdba0d0 JavaThread "Java Debug Server" daemon [_thread_in_native, id=6092, stack(0x000000b8f4400000,0x000000b8f4500000)]
  0x000001bdccdbf6e0 JavaThread "RxSchedulerPurge-1" daemon [_thread_blocked, id=4496, stack(0x000000b8f4300000,0x000000b8f4400000)]
  0x000001bdccdc1030 JavaThread "RxCachedWorkerPoolEvictor-1" daemon [_thread_blocked, id=9320, stack(0x000000b8f4a00000,0x000000b8f4b00000)]
  0x000001bdcabb3c70 JavaThread "Worker-19: Send Classpath Notifications" [_thread_blocked, id=3912, stack(0x000000b8f3f00000,0x000000b8f4000000)]
  0x000001bdc99a1400 JavaThread "Worker-41" [_thread_blocked, id=13744, stack(0x000000b8f5100000,0x000000b8f5200000)]
  0x000001bdc99a04d0 JavaThread "Worker-42" [_thread_blocked, id=12756, stack(0x000000b8f4100000,0x000000b8f4200000)]
  0x000001bdc999eb80 JavaThread "pool-7-thread-5" [_thread_in_native, id=14560, stack(0x000000b8f2500000,0x000000b8f2600000)]
  0x000001bdc99a2840 JavaThread "ForkJoinPool.commonPool-worker-65" daemon [_thread_blocked, id=9660, stack(0x000000b8f4000000,0x000000b8f4100000)]
  0x000001bdc999f090 JavaThread "ForkJoinPool.commonPool-worker-66" daemon [_thread_blocked, id=14616, stack(0x000000b8f4200000,0x000000b8f4300000)]
  0x000001bdc99a3260 JavaThread "ForkJoinPool.commonPool-worker-67" daemon [_thread_blocked, id=9992, stack(0x000000b8f4800000,0x000000b8f4900000)]
  0x000001bdc99a3770 JavaThread "RxNewThreadScheduler-39" daemon [_thread_blocked, id=7596, stack(0x000000b8f4900000,0x000000b8f4a00000)]
  0x000001bdc99a0ef0 JavaThread "Packet Receive Manager" daemon [_thread_in_native, id=12588, stack(0x000000b8f4b00000,0x000000b8f4c00000)]
  0x000001bdc99a3c80 JavaThread "Packet Send Manager" daemon [_thread_blocked, id=16380, stack(0x000000b8f4d00000,0x000000b8f4e00000)]
  0x000001bdc99a1e20 JavaThread "Event Hub" daemon [_thread_blocked, id=6116, stack(0x000000b8f4c00000,0x000000b8f4d00000)]
  0x000001bdc99a2330 JavaThread "Worker-46" [_thread_blocked, id=7664, stack(0x000000b8f4e00000,0x000000b8f4f00000)]
  0x000001bdccdbba20 JavaThread "ForkJoinPool.commonPool-worker-68" daemon [_thread_blocked, id=15436, stack(0x000000b8f5200000,0x000000b8f5300000)]

Other Threads:
  0x000001bdc3fd5b60 VMThread "VM Thread" [stack: 0x000000b8f2800000,0x000000b8f2900000] [id=11192]
  0x000001bdc962e830 WatcherThread [stack: 0x000000b8f3400000,0x000000b8f3500000] [id=2084]
=>0x000001bdae25da80 GCTaskThread "GC Thread#0" [stack: 0x000000b8f2700000,0x000000b8f2800000] [id=11184]
  0x000001bdc9ac4240 GCTaskThread "GC Thread#1" [stack: 0x000000b8f3500000,0x000000b8f3600000] [id=3796]
  0x000001bdc9ac4500 GCTaskThread "GC Thread#2" [stack: 0x000000b8f3600000,0x000000b8f3700000] [id=10260]
  0x000001bdc9ac47c0 GCTaskThread "GC Thread#3" [stack: 0x000000b8f3700000,0x000000b8f3800000] [id=10264]

Threads with active compile tasks:

VM state: at safepoint (normal execution)

VM Mutex/Monitor currently owned by a thread:  ([mutex/lock_event])
[0x000001bdae244d60] Threads_lock - owner thread: 0x000001bdc3fd5b60
[0x000001bdae2454b0] Heap_lock - owner thread: 0x000001bdc99a2840

Heap address: 0x00000000c0000000, size: 1024 MB, Compressed Oops mode: 32-bit

CDS archive(s) not mapped
Compressed class space mapped at: 0x0000000100000000-0x0000000140000000, reserved size: 1073741824
Narrow klass base: 0x0000000000000000, Narrow klass shift: 3, Narrow klass range: 0x140000000

GC Precious Log:
 CPUs: 4 total, 4 available
 Memory: 6052M
 Large Page Support: Disabled
 NUMA Support: Disabled
 Compressed Oops: Enabled (32-bit)
 Alignments: Space 512K, Generation 512K, Heap 2M
 Heap Min Capacity: 100M
 Heap Initial Capacity: 100M
 Heap Max Capacity: 1G
 Pre-touch: Disabled
 Parallel Workers: 4

Heap:
 PSYoungGen      total 2048K, used 1527K [0x00000000eab00000, 0x00000000eb780000, 0x0000000100000000)
  eden space 512K, 0% used [0x00000000eab00000,0x00000000eab00000,0x00000000eab80000)
  from space 1536K, 99% used [0x00000000eb000000,0x00000000eb17df30,0x00000000eb180000)
  to   space 4608K, 0% used [0x00000000eab80000,0x00000000eab80000,0x00000000eb000000)
 ParOldGen       total 191488K, used 191079K [0x00000000c0000000, 0x00000000cbb00000, 0x00000000eab00000)
  object space 191488K, 99% used [0x00000000c0000000,0x00000000cba99de0,0x00000000cbb00000)
 Metaspace       used 101019K, committed 102464K, reserved 1179648K
  class space    used 10372K, committed 11072K, reserved 1048576K

Card table byte_map: [0x000001bdc18b0000,0x000001bdc1ac0000] _byte_map_base: 0x000001bdc12b0000

Marking Bits: (ParMarkBitMap*) 0x00007ffcb90fd7d0
 Begin Bits: [0x000001bdc1c20000, 0x000001bdc2c20000)
 End Bits:   [0x000001bdc2c20000, 0x000001bdc3c20000)

Polling page: 0x000001bdae300000

Metaspace:

Usage:
  Non-class:     88.52 MB used.
      Class:     10.13 MB used.
       Both:     98.65 MB used.

Virtual space:
  Non-class space:      128.00 MB reserved,      89.25 MB ( 70%) committed,  2 nodes.
      Class space:        1.00 GB reserved,      10.81 MB (  1%) committed,  1 nodes.
             Both:        1.12 GB reserved,     100.06 MB (  9%) committed. 

Chunk freelists:
   Non-Class:  5.88 MB
       Class:  5.25 MB
        Both:  11.13 MB

MaxMetaspaceSize: unlimited
CompressedClassSpaceSize: 1.00 GB
Initial GC threshold: 21.00 MB
Current GC threshold: 166.19 MB
CDS: off
MetaspaceReclaimPolicy: balanced
 - commit_granule_bytes: 65536.
 - commit_granule_words: 8192.
 - virtual_space_node_default_size: 8388608.
 - enlarge_chunks_in_place: 1.
 - new_chunks_are_fully_committed: 0.
 - uncommit_free_chunks: 1.
 - use_allocation_guard: 0.
 - handle_deallocations: 1.


Internal statistics:

num_allocs_failed_limit: 9.
num_arena_births: 1566.
num_arena_deaths: 658.
num_vsnodes_births: 3.
num_vsnodes_deaths: 0.
num_space_committed: 1604.
num_space_uncommitted: 3.
num_chunks_returned_to_freelist: 833.
num_chunks_taken_from_freelist: 6364.
num_chunk_merges: 275.
num_chunk_splits: 3605.
num_chunks_enlarged: 1923.
num_inconsistent_stats: 0.

CodeHeap 'non-profiled nmethods': size=120000Kb used=21488Kb max_used=21488Kb free=98512Kb
 bounds [0x000001bdba1a0000, 0x000001bdbb6a0000, 0x000001bdc16d0000]
CodeHeap 'profiled nmethods': size=120000Kb used=42646Kb max_used=42831Kb free=77353Kb
 bounds [0x000001bdb26d0000, 0x000001bdb50b0000, 0x000001bdb9c00000]
CodeHeap 'non-nmethods': size=5760Kb used=1451Kb max_used=1556Kb free=4308Kb
 bounds [0x000001bdb9c00000, 0x000001bdb9e70000, 0x000001bdba1a0000]
 total_blobs=20337 nmethods=19527 adapters=721
 compilation: enabled
              stopped_count=0, restarted_count=0
 full_count=0

Compilation events (20 events):
Event: 25103.386 Thread 0x000001bdc4025a40 25200       4       com.google.gson.Gson::fromJson (23 bytes)
Event: 25103.386 Thread 0x000001bdc9274860 25201   !   3       jdk.internal.reflect.GeneratedConstructorAccessor52::newInstance (49 bytes)
Event: 25103.401 Thread 0x000001bdc9274860 nmethod 25201 0x000001bdb3e20e90 code [0x000001bdb3e21080, 0x000001bdb3e214e8]
Event: 25103.425 Thread 0x000001bdc4025a40 nmethod 25200 0x000001bdbb698410 code [0x000001bdbb6985e0, 0x000001bdbb698c58]
Event: 25103.425 Thread 0x000001bdc4025a40 25202   !   4       com.google.gson.Gson::assertFullConsumption (48 bytes)
Event: 25103.429 Thread 0x000001bdc4025a40 nmethod 25202 0x000001bdbb699010 code [0x000001bdbb6991c0, 0x000001bdbb699388]
Event: 25104.152 Thread 0x000001bdc4025a40 25203       4       java.util.concurrent.atomic.AtomicLong::lazySet (12 bytes)
Event: 25104.153 Thread 0x000001bdc4025a40 nmethod 25203 0x000001bdbb699510 code [0x000001bdbb699680, 0x000001bdbb6996f8]
Event: 25104.190 Thread 0x000001bdc9274860 25204       3       org.eclipse.jdt.core.dom.TypeDeclaration::superInterfaceTypes (16 bytes)
Event: 25104.191 Thread 0x000001bdc9274860 nmethod 25204 0x000001bdb4191610 code [0x000001bdb41917c0, 0x000001bdb4191a68]
Event: 25107.989 Thread 0x000001bdc4025a40 25205       4       com.microsoft.java.debug.core.protocol.AbstractProtocolServer$ByteBuffer::removeFirst (49 bytes)
Event: 25107.995 Thread 0x000001bdc4025a40 nmethod 25205 0x000001bdbb699810 code [0x000001bdbb6999a0, 0x000001bdbb699c98]
Event: 25108.143 Thread 0x000001bdc9274860 25206       3       org.eclipse.jdt.internal.debug.eval.ast.engine.SourceBasedSourceGenerator::getReturnExpression (103 bytes)
Event: 25108.203 Thread 0x000001bdc4025a40 25207 %     4       org.eclipse.jdt.core.dom.ASTConverter::lookupForScopes @ 20 (111 bytes)
Event: 25108.208 Thread 0x000001bdc9274860 nmethod 25206 0x000001bdb3e1ee90 code [0x000001bdb3e1f1a0, 0x000001bdb3e20818]
Event: 25108.261 Thread 0x000001bdc4025a40 nmethod 25207% 0x000001bdbb699e10 code [0x000001bdbb69a040, 0x000001bdbb69b1d8]
Event: 25108.261 Thread 0x000001bdc4025a40 25208  s    4       java.util.Vector::get (23 bytes)
Event: 25108.263 Thread 0x000001bdc4025a40 nmethod 25208 0x000001bdbb69bb10 code [0x000001bdbb69bc80, 0x000001bdbb69be98]
Event: 25111.542 Thread 0x000001bdc9274860 25209       3       org.eclipse.jdt.internal.core.JavaModelManager$PerWorkingCopyInfo::getProblemRequestor (37 bytes)
Event: 25111.545 Thread 0x000001bdc9274860 nmethod 25209 0x000001bdb3e1e990 code [0x000001bdb3e1eb40, 0x000001bdb3e1edc8]

GC Heap History (20 events):
Event: 25102.584 GC heap after
{Heap after GC invocations=2242 (full 42):
 PSYoungGen      total 5120K, used 1465K [0x00000000eab00000, 0x00000000eb180000, 0x0000000100000000)
  eden space 3584K, 0% used [0x00000000eab00000,0x00000000eab00000,0x00000000eae80000)
  from space 1536K, 95% used [0x00000000eae80000,0x00000000eafee450,0x00000000eb000000)
  to   space 1536K, 0% used [0x00000000eb000000,0x00000000eb000000,0x00000000eb180000)
 ParOldGen       total 190976K, used 187950K [0x00000000c0000000, 0x00000000cba80000, 0x00000000eab00000)
  object space 190976K, 98% used [0x00000000c0000000,0x00000000cb78bae8,0x00000000cba80000)
 Metaspace       used 101014K, committed 102464K, reserved 1179648K
  class space    used 10372K, committed 11072K, reserved 1048576K
}
Event: 25102.808 GC heap before
{Heap before GC invocations=2243 (full 42):
 PSYoungGen      total 5120K, used 5049K [0x00000000eab00000, 0x00000000eb180000, 0x0000000100000000)
  eden space 3584K, 99% used [0x00000000eab00000,0x00000000eae7ffc8,0x00000000eae80000)
  from space 1536K, 95% used [0x00000000eae80000,0x00000000eafee450,0x00000000eb000000)
  to   space 1536K, 0% used [0x00000000eb000000,0x00000000eb000000,0x00000000eb180000)
 ParOldGen       total 190976K, used 187950K [0x00000000c0000000, 0x00000000cba80000, 0x00000000eab00000)
  object space 190976K, 98% used [0x00000000c0000000,0x00000000cb78bae8,0x00000000cba80000)
 Metaspace       used 101017K, committed 102464K, reserved 1179648K
  class space    used 10372K, committed 11072K, reserved 1048576K
}
Event: 25102.810 GC heap after
{Heap after GC invocations=2243 (full 42):
 PSYoungGen      total 5120K, used 1273K [0x00000000eab00000, 0x00000000eb180000, 0x0000000100000000)
  eden space 3584K, 0% used [0x00000000eab00000,0x00000000eab00000,0x00000000eae80000)
  from space 1536K, 82% used [0x00000000eb000000,0x00000000eb13e450,0x00000000eb180000)
  to   space 1536K, 0% used [0x00000000eae80000,0x00000000eae80000,0x00000000eb000000)
 ParOldGen       total 190976K, used 187950K [0x00000000c0000000, 0x00000000cba80000, 0x00000000eab00000)
  object space 190976K, 98% used [0x00000000c0000000,0x00000000cb78bae8,0x00000000cba80000)
 Metaspace       used 101017K, committed 102464K, reserved 1179648K
  class space    used 10372K, committed 11072K, reserved 1048576K
}
Event: 25102.832 GC heap before
{Heap before GC invocations=2244 (full 42):
 PSYoungGen      total 5120K, used 4857K [0x00000000eab00000, 0x00000000eb180000, 0x0000000100000000)
  eden space 3584K, 100% used [0x00000000eab00000,0x00000000eae80000,0x00000000eae80000)
  from space 1536K, 82% used [0x00000000eb000000,0x00000000eb13e450,0x00000000eb180000)
  to   space 1536K, 0% used [0x00000000eae80000,0x00000000eae80000,0x00000000eb000000)
 ParOldGen       total 190976K, used 187950K [0x00000000c0000000, 0x00000000cba80000, 0x00000000eab00000)
  object space 190976K, 98% used [0x00000000c0000000,0x00000000cb78bae8,0x00000000cba80000)
 Metaspace       used 101017K, committed 102464K, reserved 1179648K
  class space    used 10372K, committed 11072K, reserved 1048576K
}
Event: 25102.834 GC heap after
{Heap after GC invocations=2244 (full 42):
 PSYoungGen      total 5120K, used 1529K [0x00000000eab00000, 0x00000000eb280000, 0x0000000100000000)
  eden space 3584K, 0% used [0x00000000eab00000,0x00000000eab00000,0x00000000eae80000)
  from space 1536K, 99% used [0x00000000eae80000,0x00000000eaffe450,0x00000000eb000000)
  to   space 2048K, 0% used [0x00000000eb080000,0x00000000eb080000,0x00000000eb280000)
 ParOldGen       total 190976K, used 188126K [0x00000000c0000000, 0x00000000cba80000, 0x00000000eab00000)
  object space 190976K, 98% used [0x00000000c0000000,0x00000000cb7b7ae8,0x00000000cba80000)
 Metaspace       used 101017K, committed 102464K, reserved 1179648K
  class space    used 10372K, committed 11072K, reserved 1048576K
}
Event: 25102.867 GC heap before
{Heap before GC invocations=2245 (full 42):
 PSYoungGen      total 5120K, used 5113K [0x00000000eab00000, 0x00000000eb280000, 0x0000000100000000)
  eden space 3584K, 100% used [0x00000000eab00000,0x00000000eae80000,0x00000000eae80000)
  from space 1536K, 99% used [0x00000000eae80000,0x00000000eaffe450,0x00000000eb000000)
  to   space 2048K, 0% used [0x00000000eb080000,0x00000000eb080000,0x00000000eb280000)
 ParOldGen       total 190976K, used 188126K [0x00000000c0000000, 0x00000000cba80000, 0x00000000eab00000)
  object space 190976K, 98% used [0x00000000c0000000,0x00000000cb7b7ae8,0x00000000cba80000)
 Metaspace       used 101017K, committed 102464K, reserved 1179648K
  class space    used 10372K, committed 11072K, reserved 1048576K
}
Event: 25102.872 GC heap after
{Heap after GC invocations=2245 (full 42):
 PSYoungGen      total 5632K, used 1705K [0x00000000eab00000, 0x00000000eb280000, 0x0000000100000000)
  eden space 3584K, 0% used [0x00000000eab00000,0x00000000eab00000,0x00000000eae80000)
  from space 2048K, 83% used [0x00000000eb080000,0x00000000eb22a420,0x00000000eb280000)
  to   space 2048K, 0% used [0x00000000eae80000,0x00000000eae80000,0x00000000eb080000)
 ParOldGen       total 190976K, used 188552K [0x00000000c0000000, 0x00000000cba80000, 0x00000000eab00000)
  object space 190976K, 98% used [0x00000000c0000000,0x00000000cb8220c0,0x00000000cba80000)
 Metaspace       used 101017K, committed 102464K, reserved 1179648K
  class space    used 10372K, committed 11072K, reserved 1048576K
}
Event: 25104.011 GC heap before
{Heap before GC invocations=2246 (full 42):
 PSYoungGen      total 5632K, used 5288K [0x00000000eab00000, 0x00000000eb280000, 0x0000000100000000)
  eden space 3584K, 99% used [0x00000000eab00000,0x00000000eae7fe60,0x00000000eae80000)
  from space 2048K, 83% used [0x00000000eb080000,0x00000000eb22a420,0x00000000eb280000)
  to   space 2048K, 0% used [0x00000000eae80000,0x00000000eae80000,0x00000000eb080000)
 ParOldGen       total 190976K, used 188552K [0x00000000c0000000, 0x00000000cba80000, 0x00000000eab00000)
  object space 190976K, 98% used [0x00000000c0000000,0x00000000cb8220c0,0x00000000cba80000)
 Metaspace       used 101019K, committed 102464K, reserved 1179648K
  class space    used 10372K, committed 11072K, reserved 1048576K
}
Event: 25104.137 GC heap after
{Heap after GC invocations=2246 (full 42):
 PSYoungGen      total 5120K, used 1284K [0x00000000eab00000, 0x00000000eb180000, 0x0000000100000000)
  eden space 3584K, 0% used [0x00000000eab00000,0x00000000eab00000,0x00000000eae80000)
  from space 1536K, 83% used [0x00000000eae80000,0x00000000eafc1230,0x00000000eb000000)
  to   space 1536K, 0% used [0x00000000eb000000,0x00000000eb000000,0x00000000eb180000)
 ParOldGen       total 190976K, used 188552K [0x00000000c0000000, 0x00000000cba80000, 0x00000000eab00000)
  object space 190976K, 98% used [0x00000000c0000000,0x00000000cb8220c0,0x00000000cba80000)
 Metaspace       used 101019K, committed 102464K, reserved 1179648K
  class space    used 10372K, committed 11072K, reserved 1048576K
}
Event: 25104.197 GC heap before
{Heap before GC invocations=2247 (full 42):
 PSYoungGen      total 5120K, used 4868K [0x00000000eab00000, 0x00000000eb180000, 0x0000000100000000)
  eden space 3584K, 100% used [0x00000000eab00000,0x00000000eae80000,0x00000000eae80000)
  from space 1536K, 83% used [0x00000000eae80000,0x00000000eafc1230,0x00000000eb000000)
  to   space 1536K, 0% used [0x00000000eb000000,0x00000000eb000000,0x00000000eb180000)
 ParOldGen       total 190976K, used 188552K [0x00000000c0000000, 0x00000000cba80000, 0x00000000eab00000)
  object space 190976K, 98% used [0x00000000c0000000,0x00000000cb8220c0,0x00000000cba80000)
 Metaspace       used 101019K, committed 102464K, reserved 1179648K
  class space    used 10372K, committed 11072K, reserved 1048576K
}
Event: 25104.200 GC heap after
{Heap after GC invocations=2247 (full 42):
 PSYoungGen      total 5120K, used 1342K [0x00000000eab00000, 0x00000000eb180000, 0x0000000100000000)
  eden space 3584K, 0% used [0x00000000eab00000,0x00000000eab00000,0x00000000eae80000)
  from space 1536K, 87% used [0x00000000eb000000,0x00000000eb14fb50,0x00000000eb180000)
  to   space 1536K, 0% used [0x00000000eae80000,0x00000000eae80000,0x00000000eb000000)
 ParOldGen       total 190976K, used 188948K [0x00000000c0000000, 0x00000000cba80000, 0x00000000eab00000)
  object space 190976K, 98% used [0x00000000c0000000,0x00000000cb8850d0,0x00000000cba80000)
 Metaspace       used 101019K, committed 102464K, reserved 1179648K
  class space    used 10372K, committed 11072K, reserved 1048576K
}
Event: 25107.944 GC heap before
{Heap before GC invocations=2248 (full 42):
 PSYoungGen      total 5120K, used 4926K [0x00000000eab00000, 0x00000000eb180000, 0x0000000100000000)
  eden space 3584K, 100% used [0x00000000eab00000,0x00000000eae80000,0x00000000eae80000)
  from space 1536K, 87% used [0x00000000eb000000,0x00000000eb14fb50,0x00000000eb180000)
  to   space 1536K, 0% used [0x00000000eae80000,0x00000000eae80000,0x00000000eb000000)
 ParOldGen       total 190976K, used 188948K [0x00000000c0000000, 0x00000000cba80000, 0x00000000eab00000)
  object space 190976K, 98% used [0x00000000c0000000,0x00000000cb8850d0,0x00000000cba80000)
 Metaspace       used 101019K, committed 102464K, reserved 1179648K
  class space    used 10372K, committed 11072K, reserved 1048576K
}
Event: 25107.946 GC heap after
{Heap after GC invocations=2248 (full 42):
 PSYoungGen      total 5120K, used 842K [0x00000000eab00000, 0x00000000eb180000, 0x0000000100000000)
  eden space 3584K, 0% used [0x00000000eab00000,0x00000000eab00000,0x00000000eae80000)
  from space 1536K, 54% used [0x00000000eae80000,0x00000000eaf52930,0x00000000eb000000)
  to   space 1536K, 0% used [0x00000000eb000000,0x00000000eb000000,0x00000000eb180000)
 ParOldGen       total 190976K, used 188948K [0x00000000c0000000, 0x00000000cba80000, 0x00000000eab00000)
  object space 190976K, 98% used [0x00000000c0000000,0x00000000cb8850d0,0x00000000cba80000)
 Metaspace       used 101019K, committed 102464K, reserved 1179648K
  class space    used 10372K, committed 11072K, reserved 1048576K
}
Event: 25108.176 GC heap before
{Heap before GC invocations=2249 (full 42):
 PSYoungGen      total 5120K, used 4426K [0x00000000eab00000, 0x00000000eb180000, 0x0000000100000000)
  eden space 3584K, 100% used [0x00000000eab00000,0x00000000eae80000,0x00000000eae80000)
  from space 1536K, 54% used [0x00000000eae80000,0x00000000eaf52930,0x00000000eb000000)
  to   space 1536K, 0% used [0x00000000eb000000,0x00000000eb000000,0x00000000eb180000)
 ParOldGen       total 190976K, used 188948K [0x00000000c0000000, 0x00000000cba80000, 0x00000000eab00000)
  object space 190976K, 98% used [0x00000000c0000000,0x00000000cb8850d0,0x00000000cba80000)
 Metaspace       used 101019K, committed 102464K, reserved 1179648K
  class space    used 10372K, committed 11072K, reserved 1048576K
}
Event: 25108.178 GC heap after
{Heap after GC invocations=2249 (full 42):
 PSYoungGen      total 5120K, used 1342K [0x00000000eab00000, 0x00000000eb180000, 0x0000000100000000)
  eden space 3584K, 0% used [0x00000000eab00000,0x00000000eab00000,0x00000000eae80000)
  from space 1536K, 87% used [0x00000000eb000000,0x00000000eb14fb50,0x00000000eb180000)
  to   space 1536K, 0% used [0x00000000eae80000,0x00000000eae80000,0x00000000eb000000)
 ParOldGen       total 190976K, used 188948K [0x00000000c0000000, 0x00000000cba80000, 0x00000000eab00000)
  object space 190976K, 98% used [0x00000000c0000000,0x00000000cb8850d0,0x00000000cba80000)
 Metaspace       used 101019K, committed 102464K, reserved 1179648K
  class space    used 10372K, committed 11072K, reserved 1048576K
}
Event: 25111.547 GC heap before
{Heap before GC invocations=2250 (full 42):
 PSYoungGen      total 5120K, used 4926K [0x00000000eab00000, 0x00000000eb180000, 0x0000000100000000)
  eden space 3584K, 99% used [0x00000000eab00000,0x00000000eae7ff00,0x00000000eae80000)
  from space 1536K, 87% used [0x00000000eb000000,0x00000000eb14fb50,0x00000000eb180000)
  to   space 1536K, 0% used [0x00000000eae80000,0x00000000eae80000,0x00000000eb000000)
 ParOldGen       total 190976K, used 188948K [0x00000000c0000000, 0x00000000cba80000, 0x00000000eab00000)
  object space 190976K, 98% used [0x00000000c0000000,0x00000000cb8850d0,0x00000000cba80000)
 Metaspace       used 101019K, committed 102464K, reserved 1179648K
  class space    used 10372K, committed 11072K, reserved 1048576K
}
Event: 25111.552 GC heap after
{Heap after GC invocations=2250 (full 42):
 PSYoungGen      total 5120K, used 948K [0x00000000eab00000, 0x00000000eb180000, 0x0000000100000000)
  eden space 3584K, 0% used [0x00000000eab00000,0x00000000eab00000,0x00000000eae80000)
  from space 1536K, 61% used [0x00000000eae80000,0x00000000eaf6d220,0x00000000eb000000)
  to   space 1536K, 0% used [0x00000000eb000000,0x00000000eb000000,0x00000000eb180000)
 ParOldGen       total 190976K, used 188948K [0x00000000c0000000, 0x00000000cba80000, 0x00000000eab00000)
  object space 190976K, 98% used [0x00000000c0000000,0x00000000cb8850d0,0x00000000cba80000)
 Metaspace       used 101019K, committed 102464K, reserved 1179648K
  class space    used 10372K, committed 11072K, reserved 1048576K
}
Event: 25111.590 GC heap before
{Heap before GC invocations=2251 (full 42):
 PSYoungGen      total 5120K, used 4532K [0x00000000eab00000, 0x00000000eb180000, 0x0000000100000000)
  eden space 3584K, 100% used [0x00000000eab00000,0x00000000eae80000,0x00000000eae80000)
  from space 1536K, 61% used [0x00000000eae80000,0x00000000eaf6d220,0x00000000eb000000)
  to   space 1536K, 0% used [0x00000000eb000000,0x00000000eb000000,0x00000000eb180000)
 ParOldGen       total 190976K, used 188948K [0x00000000c0000000, 0x00000000cba80000, 0x00000000eab00000)
  object space 190976K, 98% used [0x00000000c0000000,0x00000000cb8850d0,0x00000000cba80000)
 Metaspace       used 101019K, committed 102464K, reserved 1179648K
  class space    used 10372K, committed 11072K, reserved 1048576K
}
Event: 25111.600 GC heap after
{Heap after GC invocations=2251 (full 42):
 PSYoungGen      total 2048K, used 1527K [0x00000000eab00000, 0x00000000eb780000, 0x0000000100000000)
  eden space 512K, 0% used [0x00000000eab00000,0x00000000eab00000,0x00000000eab80000)
  from space 1536K, 99% used [0x00000000eb000000,0x00000000eb17df30,0x00000000eb180000)
  to   space 4608K, 0% used [0x00000000eab80000,0x00000000eab80000,0x00000000eb000000)
 ParOldGen       total 191488K, used 191079K [0x00000000c0000000, 0x00000000cbb00000, 0x00000000eab00000)
  object space 191488K, 99% used [0x00000000c0000000,0x00000000cba99de0,0x00000000cbb00000)
 Metaspace       used 101019K, committed 102464K, reserved 1179648K
  class space    used 10372K, committed 11072K, reserved 1048576K
}
Event: 25111.600 GC heap before
{Heap before GC invocations=2252 (full 43):
 PSYoungGen      total 2048K, used 1527K [0x00000000eab00000, 0x00000000eb780000, 0x0000000100000000)
  eden space 512K, 0% used [0x00000000eab00000,0x00000000eab00000,0x00000000eab80000)
  from space 1536K, 99% used [0x00000000eb000000,0x00000000eb17df30,0x00000000eb180000)
  to   space 4608K, 0% used [0x00000000eab80000,0x00000000eab80000,0x00000000eb000000)
 ParOldGen       total 191488K, used 191079K [0x00000000c0000000, 0x00000000cbb00000, 0x00000000eab00000)
  object space 191488K, 99% used [0x00000000c0000000,0x00000000cba99de0,0x00000000cbb00000)
 Metaspace       used 101019K, committed 102464K, reserved 1179648K
  class space    used 10372K, committed 11072K, reserved 1048576K
}

Dll operation events (12 events):
Event: 0.029 Loaded shared library c:\Users\Dell i5 MBR\.vscode\extensions\redhat.java-1.27.0-win32-x64\jre\17.0.10-win32-x86_64\bin\java.dll
Event: 0.650 Loaded shared library c:\Users\Dell i5 MBR\.vscode\extensions\redhat.java-1.27.0-win32-x64\jre\17.0.10-win32-x86_64\bin\zip.dll
Event: 0.661 Loaded shared library C:\Users\Dell i5 MBR\.vscode\extensions\redhat.java-1.27.0-win32-x64\jre\17.0.10-win32-x86_64\bin\instrument.dll
Event: 0.756 Loaded shared library C:\Users\Dell i5 MBR\.vscode\extensions\redhat.java-1.27.0-win32-x64\jre\17.0.10-win32-x86_64\bin\net.dll
Event: 0.761 Loaded shared library C:\Users\Dell i5 MBR\.vscode\extensions\redhat.java-1.27.0-win32-x64\jre\17.0.10-win32-x86_64\bin\nio.dll
Event: 0.879 Loaded shared library C:\Users\Dell i5 MBR\.vscode\extensions\redhat.java-1.27.0-win32-x64\jre\17.0.10-win32-x86_64\bin\zip.dll
Event: 0.959 Loaded shared library C:\Users\Dell i5 MBR\.vscode\extensions\redhat.java-1.27.0-win32-x64\jre\17.0.10-win32-x86_64\bin\jimage.dll
Event: 1.248 Loaded shared library c:\Users\Dell i5 MBR\.vscode\extensions\redhat.java-1.27.0-win32-x64\jre\17.0.10-win32-x86_64\bin\verify.dll
Event: 13.836 Loaded shared library C:\Users\Dell i5 MBR\AppData\Roaming\Code\User\globalStorage\redhat.java\1.27.0\config_win\org.eclipse.equinox.launcher\org.eclipse.equinox.launcher.win32.win32.x86_64_1.2.900.v20240129-1338\eclipse_11900.dll
Event: 62.934 Loaded shared library C:\Users\Dell i5 MBR\AppData\Local\Temp\jna--1601850552\jna7991801741235914832.dll
Event: 65.692 Loaded shared library C:\Users\Dell i5 MBR\.vscode\extensions\redhat.java-1.27.0-win32-x64\jre\17.0.10-win32-x86_64\bin\sunmscapi.dll
Event: 66.363 Loaded shared library C:\Users\Dell i5 MBR\.vscode\extensions\redhat.java-1.27.0-win32-x64\jre\17.0.10-win32-x86_64\bin\extnet.dll

Deoptimization events (20 events):
Event: 25035.455 Thread 0x000001bdc99a2840 Uncommon trap: trap_request=0xffffffbe fr.pc=0x000001bdbb669764 relative=0x0000000000004184
Event: 25035.455 Thread 0x000001bdc99a2840 Uncommon trap: reason=profile_predicate action=maybe_recompile pc=0x000001bdbb669764 method=org.eclipse.jdt.internal.compiler.ast.Annotation.resolveType(Lorg/eclipse/jdt/internal/compiler/lookup/BlockScope;)Lorg/eclipse/jdt/internal/compiler/lookup/TypeBi
Event: 25035.455 Thread 0x000001bdc99a2840 DEOPT PACKING pc=0x000001bdbb669764 sp=0x000000b8f40fe0b0
Event: 25035.455 Thread 0x000001bdc99a2840 DEOPT UNPACKING pc=0x000001bdb9c566a3 sp=0x000000b8f40fe030 mode 2
Event: 25035.849 Thread 0x000001bdc99a2840 Uncommon trap: trap_request=0xffffff45 fr.pc=0x000001bdbaf8f8e4 relative=0x00000000000000c4
Event: 25035.850 Thread 0x000001bdc99a2840 Uncommon trap: reason=unstable_if action=reinterpret pc=0x000001bdbaf8f8e4 method=org.eclipse.jdt.internal.core.search.PatternSearchJob$ParallelSearchMonitor.isCanceled()Z @ 16 c2
Event: 25035.850 Thread 0x000001bdc99a2840 DEOPT PACKING pc=0x000001bdbaf8f8e4 sp=0x000000b8f40fe090
Event: 25035.850 Thread 0x000001bdc99a2840 DEOPT UNPACKING pc=0x000001bdb9c566a3 sp=0x000000b8f40fe030 mode 2
Event: 25044.995 Thread 0x000001bdc99a3770 DEOPT PACKING pc=0x000001bdb482208a sp=0x000000b8f49fe270
Event: 25044.995 Thread 0x000001bdc99a3770 DEOPT UNPACKING pc=0x000001bdb9c56e43 sp=0x000000b8f49fd770 mode 0
Event: 25045.700 Thread 0x000001bdc99a2840 Uncommon trap: trap_request=0xffffffde fr.pc=0x000001bdbb60935c relative=0x0000000000000bfc
Event: 25045.700 Thread 0x000001bdc99a2840 Uncommon trap: reason=class_check action=maybe_recompile pc=0x000001bdbb60935c method=org.eclipse.jdt.internal.core.Openable.getBuffer()Lorg/eclipse/jdt/core/IBuffer; @ 28 c2
Event: 25045.700 Thread 0x000001bdc99a2840 DEOPT PACKING pc=0x000001bdbb60935c sp=0x000000b8f40feda0
Event: 25045.700 Thread 0x000001bdc99a2840 DEOPT UNPACKING pc=0x000001bdb9c566a3 sp=0x000000b8f40fedb0 mode 2
Event: 25045.799 Thread 0x000001bdccdbba20 DEOPT PACKING pc=0x000001bdb48d9bb0 sp=0x000000b8f52fe6e0
Event: 25045.799 Thread 0x000001bdccdbba20 DEOPT UNPACKING pc=0x000001bdb9c56e43 sp=0x000000b8f52fdb50 mode 0
Event: 25102.384 Thread 0x000001bdc99a3260 Uncommon trap: trap_request=0xffffff45 fr.pc=0x000001bdba56e78c relative=0x00000000000007ac
Event: 25102.386 Thread 0x000001bdc99a3260 Uncommon trap: reason=unstable_if action=reinterpret pc=0x000001bdba56e78c method=java.util.concurrent.locks.ReentrantReadWriteLock$Sync.tryAcquireShared(I)I @ 55 c2
Event: 25102.387 Thread 0x000001bdc99a3260 DEOPT PACKING pc=0x000001bdba56e78c sp=0x000000b8f48fe6f0
Event: 25102.388 Thread 0x000001bdc99a3260 DEOPT UNPACKING pc=0x000001bdb9c566a3 sp=0x000000b8f48fe428 mode 2

Classes unloaded (20 events):
Event: 25112.195 Thread 0x000001bdc3fd5b60 Unloading class 0x0000000100a0b800 'jdk/internal/reflect/GeneratedSerializationConstructorAccessor60'
Event: 25112.195 Thread 0x000001bdc3fd5b60 Unloading class 0x0000000100a2c800 'jdk/internal/reflect/GeneratedSerializationConstructorAccessor59'
Event: 25112.195 Thread 0x000001bdc3fd5b60 Unloading class 0x00000001002d8400 'jdk/internal/reflect/GeneratedSerializationConstructorAccessor58'
Event: 25112.195 Thread 0x000001bdc3fd5b60 Unloading class 0x00000001002da000 'jdk/internal/reflect/GeneratedSerializationConstructorAccessor57'
Event: 25112.195 Thread 0x000001bdc3fd5b60 Unloading class 0x00000001002de000 'jdk/internal/reflect/GeneratedSerializationConstructorAccessor56'
Event: 25112.195 Thread 0x000001bdc3fd5b60 Unloading class 0x00000001002de800 'jdk/internal/reflect/GeneratedSerializationConstructorAccessor55'
Event: 25112.195 Thread 0x000001bdc3fd5b60 Unloading class 0x0000000100306400 'jdk/internal/reflect/GeneratedMethodAccessor87'
Event: 25112.195 Thread 0x000001bdc3fd5b60 Unloading class 0x0000000100307800 'jdk/internal/reflect/GeneratedMethodAccessor86'
Event: 25112.195 Thread 0x000001bdc3fd5b60 Unloading class 0x0000000100309000 'jdk/internal/reflect/GeneratedSerializationConstructorAccessor54'
Event: 25112.195 Thread 0x000001bdc3fd5b60 Unloading class 0x000000010030c400 'jdk/internal/reflect/GeneratedSerializationConstructorAccessor53'
Event: 25112.195 Thread 0x000001bdc3fd5b60 Unloading class 0x000000010030e400 'jdk/internal/reflect/GeneratedSerializationConstructorAccessor52'
Event: 25112.195 Thread 0x000001bdc3fd5b60 Unloading class 0x0000000100311400 'jdk/internal/reflect/GeneratedSerializationConstructorAccessor51'
Event: 25112.195 Thread 0x000001bdc3fd5b60 Unloading class 0x0000000100311800 'jdk/internal/reflect/GeneratedSerializationConstructorAccessor50'
Event: 25112.195 Thread 0x000001bdc3fd5b60 Unloading class 0x0000000100315800 'jdk/internal/reflect/GeneratedSerializationConstructorAccessor49'
Event: 25112.195 Thread 0x000001bdc3fd5b60 Unloading class 0x00000001006b6400 'jdk/internal/reflect/GeneratedSerializationConstructorAccessor48'
Event: 25112.195 Thread 0x000001bdc3fd5b60 Unloading class 0x00000001007a4000 'jdk/internal/reflect/GeneratedSerializationConstructorAccessor47'
Event: 25112.195 Thread 0x000001bdc3fd5b60 Unloading class 0x0000000100870c00 'jdk/internal/reflect/GeneratedSerializationConstructorAccessor46'
Event: 25112.195 Thread 0x000001bdc3fd5b60 Unloading class 0x0000000100872000 'jdk/internal/reflect/GeneratedSerializationConstructorAccessor45'
Event: 25112.195 Thread 0x000001bdc3fd5b60 Unloading class 0x00000001009a4800 'jdk/internal/reflect/GeneratedSerializationConstructorAccessor44'
Event: 25112.195 Thread 0x000001bdc3fd5b60 Unloading class 0x00000001009a6400 'jdk/internal/reflect/GeneratedSerializationConstructorAccessor43'

Classes redefined (0 events):
No events

Internal exceptions (20 events):
Event: 25045.169 Thread 0x000001bdc99a3770 Exception <a 'sun/nio/fs/WindowsException'{0x00000000eabba1b8}> (0x00000000eabba1b8) 
thrown [s\src\hotspot\share\prims\jni.cpp, line 516]
Event: 25045.170 Thread 0x000001bdc99a3770 Exception <a 'sun/nio/fs/WindowsException'{0x00000000eabbcbd8}> (0x00000000eabbcbd8) 
thrown [s\src\hotspot\share\prims\jni.cpp, line 516]
Event: 25045.171 Thread 0x000001bdc99a3770 Exception <a 'sun/nio/fs/WindowsException'{0x00000000eabbf840}> (0x00000000eabbf840) 
thrown [s\src\hotspot\share\prims\jni.cpp, line 516]
Event: 25045.177 Thread 0x000001bdc99a3770 Exception <a 'sun/nio/fs/WindowsException'{0x00000000eabc26b8}> (0x00000000eabc26b8) 
thrown [s\src\hotspot\share\prims\jni.cpp, line 516]
Event: 25045.180 Thread 0x000001bdc99a3770 Exception <a 'sun/nio/fs/WindowsException'{0x00000000eabd8708}> (0x00000000eabd8708) 
thrown [s\src\hotspot\share\prims\jni.cpp, line 516]
Event: 25045.181 Thread 0x000001bdc99a3770 Exception <a 'sun/nio/fs/WindowsException'{0x00000000eabdaf00}> (0x00000000eabdaf00) 
thrown [s\src\hotspot\share\prims\jni.cpp, line 516]
Event: 25045.664 Thread 0x000001bdc99a2840 Exception <a 'sun/nio/fs/WindowsException'{0x00000000eaca99e8}> (0x00000000eaca99e8) 
thrown [s\src\hotspot\share\prims\jni.cpp, line 516]
Event: 25045.665 Thread 0x000001bdc99a2840 Exception <a 'sun/nio/fs/WindowsException'{0x00000000eacbd5c8}> (0x00000000eacbd5c8) 
thrown [s\src\hotspot\share\prims\jni.cpp, line 516]
Event: 25057.902 Thread 0x000001bdccdbba20 Exception <a 'sun/nio/fs/WindowsException'{0x00000000eac34f60}> (0x00000000eac34f60) 
thrown [s\src\hotspot\share\prims\jni.cpp, line 516]
Event: 25057.903 Thread 0x000001bdccdbba20 Exception <a 'sun/nio/fs/WindowsException'{0x00000000eac37fb0}> (0x00000000eac37fb0) 
thrown [s\src\hotspot\share\prims\jni.cpp, line 516]
Event: 25067.130 Thread 0x000001bdccdbba20 Exception <a 'sun/nio/fs/WindowsException'{0x00000000eab4de18}> (0x00000000eab4de18) 
thrown [s\src\hotspot\share\prims\jni.cpp, line 516]
Event: 25067.131 Thread 0x000001bdccdbba20 Exception <a 'sun/nio/fs/WindowsException'{0x00000000eab50c20}> (0x00000000eab50c20) 
thrown [s\src\hotspot\share\prims\jni.cpp, line 516]
Event: 25097.447 Thread 0x000001bdccdbba20 Exception <a 'sun/nio/fs/WindowsException'{0x00000000eae82658}> (0x00000000eae82658) 
thrown [s\src\hotspot\share\prims\jni.cpp, line 516]
Event: 25097.449 Thread 0x000001bdccdbba20 Exception <a 'sun/nio/fs/WindowsException'{0x00000000eae85460}> (0x00000000eae85460) 
thrown [s\src\hotspot\share\prims\jni.cpp, line 516]
Event: 25102.564 Thread 0x000001bdc99a3260 Exception <a 'sun/nio/fs/WindowsException'{0x00000000eab27cf0}> (0x00000000eab27cf0) 
thrown [s\src\hotspot\share\prims\jni.cpp, line 516]
Event: 25102.565 Thread 0x000001bdc99a3260 Exception <a 'sun/nio/fs/WindowsException'{0x00000000eab2aa70}> (0x00000000eab2aa70) 
thrown [s\src\hotspot\share\prims\jni.cpp, line 516]
Event: 25104.186 Thread 0x000001bdc99a2840 Exception <a 'sun/nio/fs/WindowsException'{0x00000000eaca5c88}> (0x00000000eaca5c88) 
thrown [s\src\hotspot\share\prims\jni.cpp, line 516]
Event: 25104.187 Thread 0x000001bdc99a2840 Exception <a 'sun/nio/fs/WindowsException'{0x00000000eacb8c78}> (0x00000000eacb8c78) 
thrown [s\src\hotspot\share\prims\jni.cpp, line 516]
Event: 25108.139 Thread 0x000001bdc99a2840 Exception <a 'sun/nio/fs/WindowsException'{0x00000000eaca5600}> (0x00000000eaca5600) 
thrown [s\src\hotspot\share\prims\jni.cpp, line 516]
Event: 25108.141 Thread 0x000001bdc99a2840 Exception <a 'sun/nio/fs/WindowsException'{0x00000000eaca8380}> (0x00000000eaca8380) 
thrown [s\src\hotspot\share\prims\jni.cpp, line 516]

VM Operations (20 events):
Event: 25102.584 Executing VM operation: ParallelGCFailedAllocation done
Event: 25102.808 Executing VM operation: ParallelGCFailedAllocation
Event: 25102.811 Executing VM operation: ParallelGCFailedAllocation done
Event: 25102.832 Executing VM operation: ParallelGCFailedAllocation
Event: 25102.834 Executing VM operation: ParallelGCFailedAllocation done
Event: 25102.867 Executing VM operation: ParallelGCFailedAllocation
Event: 25102.872 Executing VM operation: ParallelGCFailedAllocation done
Event: 25104.011 Executing VM operation: ParallelGCFailedAllocation
Event: 25104.137 Executing VM operation: ParallelGCFailedAllocation done
Event: 25104.197 Executing VM operation: ParallelGCFailedAllocation
Event: 25104.200 Executing VM operation: ParallelGCFailedAllocation done
Event: 25105.214 Executing VM operation: Cleanup
Event: 25105.214 Executing VM operation: Cleanup done
Event: 25107.944 Executing VM operation: ParallelGCFailedAllocation
Event: 25107.946 Executing VM operation: ParallelGCFailedAllocation done
Event: 25108.148 Executing VM operation: ParallelGCFailedAllocation
Event: 25108.178 Executing VM operation: ParallelGCFailedAllocation done
Event: 25111.547 Executing VM operation: ParallelGCFailedAllocation
Event: 25111.552 Executing VM operation: ParallelGCFailedAllocation done
Event: 25111.590 Executing VM operation: ParallelGCFailedAllocation

Events (20 events):
Event: 24936.654 Thread 0x000001bdc99a0ef0 Thread exited: 0x000001bdc99a0ef0
Event: 24969.779 Thread 0x000001bdc99a2840 Thread added: 0x000001bdc99a2840
Event: 24970.684 Thread 0x000001bdc999f090 Thread added: 0x000001bdc999f090
Event: 24978.652 Thread 0x000001bdccdbdd90 Thread exited: 0x000001bdccdbdd90
Event: 24981.007 Thread 0x000001bdc99a3260 Thread added: 0x000001bdc99a3260
Event: 24982.944 Thread 0x000001bdc99a3770 Thread added: 0x000001bdc99a3770
Event: 24983.001 Thread 0x000001bdc99a0ef0 Thread added: 0x000001bdc99a0ef0
Event: 24984.936 Thread 0x000001bdc99a1e20 Thread added: 0x000001bdc99a1e20
Event: 24984.936 Thread 0x000001bdc99a0ef0 Thread exited: 0x000001bdc99a0ef0
Event: 24985.418 Thread 0x000001bdc99a2330 Thread added: 0x000001bdc99a2330
Event: 24985.418 Thread 0x000001bdc99a2330 Thread exited: 0x000001bdc99a2330
Event: 24985.419 Thread 0x000001bdc99a0ef0 Thread added: 0x000001bdc99a0ef0
Event: 24985.419 Thread 0x000001bdc99a3c80 Thread added: 0x000001bdc99a3c80
Event: 24985.445 Thread 0x000001bdc99a2330 Thread added: 0x000001bdc99a2330
Event: 24985.451 Thread 0x000001bdc99a1e20 Thread exited: 0x000001bdc99a1e20
Event: 24985.746 Thread 0x000001bdc99a2330 Thread exited: 0x000001bdc99a2330
Event: 24986.031 Thread 0x000001bdc99a1e20 Thread added: 0x000001bdc99a1e20
Event: 25008.326 Thread 0x000001bdc99a2330 Thread added: 0x000001bdc99a2330
Event: 25035.434 Thread 0x000001bdccdbba20 Thread added: 0x000001bdccdbba20
Event: 25038.644 Thread 0x000001bdccdba5e0 Thread exited: 0x000001bdccdba5e0


Dynamic libraries:
0x00007ff606b50000 - 0x00007ff606b5e000 	c:\Users\Dell i5 MBR\.vscode\extensions\redhat.java-1.27.0-win32-x64\jre\17.0.10-win32-x86_64\bin\java.exe
0x00007ffcec430000 - 0x00007ffcec647000 	C:\Windows\SYSTEM32\ntdll.dll
0x00007ffcec0f0000 - 0x00007ffcec1b4000 	C:\Windows\System32\KERNEL32.DLL
0x00007ffce97b0000 - 0x00007ffce9b56000 	C:\Windows\System32\KERNELBASE.dll
0x00007ffce9f50000 - 0x00007ffcea061000 	C:\Windows\System32\ucrtbase.dll
0x00007ffccd8a0000 - 0x00007ffccd8b7000 	c:\Users\Dell i5 MBR\.vscode\extensions\redhat.java-1.27.0-win32-x64\jre\17.0.10-win32-x86_64\bin\jli.dll
0x00007ffccbb00000 - 0x00007ffccbb1b000 	c:\Users\Dell i5 MBR\.vscode\extensions\redhat.java-1.27.0-win32-x64\jre\17.0.10-win32-x86_64\bin\VCRUNTIME140.dll
0x00007ffceb7c0000 - 0x00007ffceb96d000 	C:\Windows\System32\USER32.dll
0x00007ffce9b60000 - 0x00007ffce9b86000 	C:\Windows\System32\win32u.dll
0x00007ffceb000000 - 0x00007ffceb029000 	C:\Windows\System32\GDI32.dll
0x00007ffce9d70000 - 0x00007ffce9e88000 	C:\Windows\System32\gdi32full.dll
0x00007ffcea0f0000 - 0x00007ffcea18a000 	C:\Windows\System32\msvcp_win.dll
0x00007ffce8960000 - 0x00007ffce8bf3000 	C:\Windows\WinSxS\amd64_microsoft.windows.common-controls_6595b64144ccf1df_6.0.22621.2361_none_2712ced57382f843\COMCTL32.dll
0x00007ffcec340000 - 0x00007ffcec3e7000 	C:\Windows\System32\msvcrt.dll
0x00007ffcea4c0000 - 0x00007ffcea4f1000 	C:\Windows\System32\IMM32.DLL
0x00007ffce2300000 - 0x00007ffce230c000 	c:\Users\Dell i5 MBR\.vscode\extensions\redhat.java-1.27.0-win32-x64\jre\17.0.10-win32-x86_64\bin\vcruntime140_1.dll
0x00007ffcb9e50000 - 0x00007ffcb9edd000 	c:\Users\Dell i5 MBR\.vscode\extensions\redhat.java-1.27.0-win32-x64\jre\17.0.10-win32-x86_64\bin\msvcp140.dll
0x00007ffcb8560000 - 0x00007ffcb91c2000 	c:\Users\Dell i5 MBR\.vscode\extensions\redhat.java-1.27.0-win32-x64\jre\17.0.10-win32-x86_64\bin\server\jvm.dll
0x00007ffcea510000 - 0x00007ffcea5c0000 	C:\Windows\System32\ADVAPI32.dll
0x00007ffcec240000 - 0x00007ffcec2e6000 	C:\Windows\System32\sechost.dll
0x00007ffceba80000 - 0x00007ffcebb97000 	C:\Windows\System32\RPCRT4.dll
0x00007ffce9690000 - 0x00007ffce96dd000 	C:\Windows\SYSTEM32\POWRPROF.dll
0x00007ffce5410000 - 0x00007ffce5419000 	C:\Windows\SYSTEM32\WSOCK32.dll
0x00007ffceb5d0000 - 0x00007ffceb641000 	C:\Windows\System32\WS2_32.dll
0x00007ffce2020000 - 0x00007ffce2054000 	C:\Windows\SYSTEM32\WINMM.dll
0x00007ffcde210000 - 0x00007ffcde21a000 	C:\Windows\SYSTEM32\VERSION.dll
0x00007ffce9660000 - 0x00007ffce9673000 	C:\Windows\SYSTEM32\UMPDC.dll
0x00007ffce7f20000 - 0x00007ffce7f38000 	C:\Windows\SYSTEM32\kernel.appcore.dll
0x00007ffce0b00000 - 0x00007ffce0b0a000 	c:\Users\Dell i5 MBR\.vscode\extensions\redhat.java-1.27.0-win32-x64\jre\17.0.10-win32-x86_64\bin\jimage.dll
0x00007ffce9040000 - 0x00007ffce926e000 	C:\Windows\SYSTEM32\DBGHELP.DLL
0x00007ffcebba0000 - 0x00007ffcebf2a000 	C:\Windows\System32\combase.dll
0x00007ffcea190000 - 0x00007ffcea267000 	C:\Windows\System32\OLEAUT32.dll
0x00007ffce8d70000 - 0x00007ffce8da2000 	C:\Windows\SYSTEM32\dbgcore.DLL
0x00007ffcea070000 - 0x00007ffcea0ea000 	C:\Windows\System32\bcryptPrimitives.dll
0x00007ffcd9800000 - 0x00007ffcd980e000 	c:\Users\Dell i5 MBR\.vscode\extensions\redhat.java-1.27.0-win32-x64\jre\17.0.10-win32-x86_64\bin\instrument.dll
0x00007ffcb9df0000 - 0x00007ffcb9e15000 	c:\Users\Dell i5 MBR\.vscode\extensions\redhat.java-1.27.0-win32-x64\jre\17.0.10-win32-x86_64\bin\java.dll
0x00007ffccb6a0000 - 0x00007ffccb6b8000 	c:\Users\Dell i5 MBR\.vscode\extensions\redhat.java-1.27.0-win32-x64\jre\17.0.10-win32-x86_64\bin\zip.dll
0x00007ffcea680000 - 0x00007ffceaed8000 	C:\Windows\System32\SHELL32.dll
0x00007ffce6d10000 - 0x00007ffce7602000 	C:\Windows\SYSTEM32\windows.storage.dll
0x00007ffce6bb0000 - 0x00007ffce6cee000 	C:\Windows\SYSTEM32\wintypes.dll
0x00007ffceb4d0000 - 0x00007ffceb5c3000 	C:\Windows\System32\SHCORE.dll
0x00007ffcea620000 - 0x00007ffcea67e000 	C:\Windows\System32\shlwapi.dll
0x00007ffce96e0000 - 0x00007ffce9706000 	C:\Windows\SYSTEM32\profapi.dll
0x00007ffccb520000 - 0x00007ffccb539000 	C:\Users\Dell i5 MBR\.vscode\extensions\redhat.java-1.27.0-win32-x64\jre\17.0.10-win32-x86_64\bin\net.dll
0x00007ffce1c60000 - 0x00007ffce1d97000 	C:\Windows\SYSTEM32\WINHTTP.dll
0x00007ffce8560000 - 0x00007ffce85c9000 	C:\Windows\system32\mswsock.dll
0x00007ffccb1c0000 - 0x00007ffccb1d6000 	C:\Users\Dell i5 MBR\.vscode\extensions\redhat.java-1.27.0-win32-x64\jre\17.0.10-win32-x86_64\bin\nio.dll
0x00007ffcd9670000 - 0x00007ffcd9680000 	c:\Users\Dell i5 MBR\.vscode\extensions\redhat.java-1.27.0-win32-x64\jre\17.0.10-win32-x86_64\bin\verify.dll
0x00007ffce2380000 - 0x00007ffce23be000 	C:\Users\Dell i5 MBR\AppData\Roaming\Code\User\globalStorage\redhat.java\1.27.0\config_win\org.eclipse.equinox.launcher\org.eclipse.equinox.launcher.win32.win32.x86_64_1.2.900.v20240129-1338\eclipse_11900.dll
0x00007ffcebf30000 - 0x00007ffcec0cf000 	C:\Windows\System32\ole32.dll
0x00007ffce9360000 - 0x00007ffce937b000 	C:\Windows\SYSTEM32\CRYPTSP.dll
0x00007ffce7ee0000 - 0x00007ffce7f15000 	C:\Windows\system32\rsaenh.dll
0x00007ffce8650000 - 0x00007ffce867c000 	C:\Windows\SYSTEM32\USERENV.dll
0x00007ffce9010000 - 0x00007ffce9038000 	C:\Windows\SYSTEM32\bcrypt.dll
0x00007ffce87b0000 - 0x00007ffce87bc000 	C:\Windows\SYSTEM32\CRYPTBASE.dll
0x00007ffce7a00000 - 0x00007ffce7a2d000 	C:\Windows\SYSTEM32\IPHLPAPI.DLL
0x00007ffceb7a0000 - 0x00007ffceb7a9000 	C:\Windows\System32\NSI.dll
0x00007ffce4150000 - 0x00007ffce4169000 	C:\Windows\SYSTEM32\dhcpcsvc6.DLL
0x00007ffce1c00000 - 0x00007ffce1c1f000 	C:\Windows\SYSTEM32\dhcpcsvc.DLL
0x00007ffce7a70000 - 0x00007ffce7b69000 	C:\Windows\SYSTEM32\DNSAPI.dll
0x00007ffccb330000 - 0x00007ffccb375000 	C:\Users\Dell i5 MBR\AppData\Local\Temp\jna--1601850552\jna7991801741235914832.dll
0x00007ffceba70000 - 0x00007ffceba78000 	C:\Windows\System32\PSAPI.DLL
0x00007ffce4b50000 - 0x00007ffce4b5e000 	C:\Users\Dell i5 MBR\.vscode\extensions\redhat.java-1.27.0-win32-x64\jre\17.0.10-win32-x86_64\bin\sunmscapi.dll
0x00007ffce9c00000 - 0x00007ffce9d66000 	C:\Windows\System32\CRYPT32.dll
0x00007ffce8c00000 - 0x00007ffce8c2d000 	C:\Windows\SYSTEM32\ncrypt.dll
0x00007ffce8920000 - 0x00007ffce8957000 	C:\Windows\SYSTEM32\NTASN1.dll
0x00007ffce22d0000 - 0x00007ffce22da000 	C:\Windows\System32\rasadhlp.dll
0x00007ffce12b0000 - 0x00007ffce1334000 	C:\Windows\System32\fwpuclnt.dll
0x00007ffce2370000 - 0x00007ffce2379000 	C:\Users\Dell i5 MBR\.vscode\extensions\redhat.java-1.27.0-win32-x64\jre\17.0.10-win32-x86_64\bin\extnet.dll

dbghelp: loaded successfully - version: 4.0.5 - missing functions: none
symbol engine: initialized successfully - sym options: 0x614 - pdb path: .;c:\Users\Dell i5 MBR\.vscode\extensions\redhat.java-1.27.0-win32-x64\jre\17.0.10-win32-x86_64\bin;C:\Windows\SYSTEM32;C:\Windows\WinSxS\amd64_microsoft.windows.common-controls_6595b64144ccf1df_6.0.22621.2361_none_2712ced57382f843;c:\Users\Dell i5 MBR\.vscode\extensions\redhat.java-1.27.0-win32-x64\jre\17.0.10-win32-x86_64\bin\server;C:\Users\Dell i5 MBR\AppData\Roaming\Code\User\globalStorage\redhat.java\1.27.0\config_win\org.eclipse.equinox.launcher\org.eclipse.equinox.launcher.win32.win32.x86_64_1.2.900.v20240129-1338;C:\Users\Dell i5 MBR\AppData\Local\Temp\jna--1601850552

VM Arguments:
jvm_args: --add-modules=ALL-SYSTEM --add-opens=java.base/java.util=ALL-UNNAMED --add-opens=java.base/java.lang=ALL-UNNAMED --add-opens=java.base/sun.nio.fs=ALL-UNNAMED -Declipse.application=org.eclipse.jdt.ls.core.id1 -Dosgi.bundles.defaultStartLevel=4 -Declipse.product=org.eclipse.jdt.ls.core.product -Djava.import.generatesMetadataFilesAtProjectRoot=false -DDetectVMInstallationsJob.disabled=true -Dfile.encoding=utf8 -XX:+UseParallelGC -XX:GCTimeRatio=4 -XX:AdaptiveSizePolicyWeight=90 -Dsun.zip.disableMemoryMapping=true -Xmx1G -Xms100m -Xlog:disable -javaagent:c:\Users\Dell i5 MBR\.vscode\extensions\redhat.java-1.27.0-win32-x64\lombok\lombok-1.18.31.jar -XX:+HeapDumpOnOutOfMemoryError -XX:HeapDumpPath=c:\Users\Dell i5 MBR\AppData\Roaming\Code\User\workspaceStorage\2f2a19adf0cf07371138c7696428cceb\redhat.java -Daether.dependencyCollector.impl=bf 
java_command: c:\Users\Dell i5 MBR\.vscode\extensions\redhat.java-1.27.0-win32-x64\server\plugins\org.eclipse.equinox.launcher_1.6.700.v20231214-2017.jar -configuration c:\Users\Dell i5 MBR\AppData\Roaming\Code\User\globalStorage\redhat.java\1.27.0\config_win -data c:\Users\Dell i5 MBR\AppData\Roaming\Code\User\workspaceStorage\2f2a19adf0cf07371138c7696428cceb\redhat.java\jdt_ws --stdio
java_class_path (initial): c:\Users\Dell i5 MBR\.vscode\extensions\redhat.java-1.27.0-win32-x64\server\plugins\org.eclipse.equinox.launcher_1.6.700.v20231214-2017.jar
Launcher Type: SUN_STANDARD

[Global flags]
    uintx AdaptiveSizePolicyWeight                 = 90                                        {product} {command line}
     intx CICompilerCount                          = 3                                         {product} {ergonomic}
    uintx GCTimeRatio                              = 4                                         {product} {command line}
     bool HeapDumpOnOutOfMemoryError               = true                                   {manageable} {command line}
    ccstr HeapDumpPath                             = c:\Users\Dell i5 MBR\AppData\Roaming\Code\User\workspaceStorage\2f2a19adf0cf07371138c7696428cceb\redhat.java         {manageable} {command line}
   size_t InitialHeapSize                          = 104857600                                 {product} {command line}
   size_t MaxHeapSize                              = 1073741824                                {product} {command line}
   size_t MaxNewSize                               = 357564416                                 {product} {ergonomic}
   size_t MinHeapDeltaBytes                        = 524288                                    {product} {ergonomic}
   size_t MinHeapSize                              = 104857600                                 {product} {command line}
   size_t NewSize                                  = 34603008                                  {product} {ergonomic}
    uintx NonNMethodCodeHeapSize                   = 5832780                                {pd product} {ergonomic}
    uintx NonProfiledCodeHeapSize                  = 122912730                              {pd product} {ergonomic}
   size_t OldSize                                  = 70254592                                  {product} {ergonomic}
    uintx ProfiledCodeHeapSize                     = 122912730                              {pd product} {ergonomic}
    uintx ReservedCodeCacheSize                    = 251658240                              {pd product} {ergonomic}
     bool SegmentedCodeCache                       = true                                      {product} {ergonomic}
   size_t SoftMaxHeapSize                          = 1073741824                             {manageable} {ergonomic}
     bool UseCompressedClassPointers               = true                           {product lp64_product} {ergonomic}
     bool UseCompressedOops                        = true                           {product lp64_product} {ergonomic}
     bool UseLargePagesIndividualAllocation        = false                                  {pd product} {ergonomic}
     bool UseParallelGC                            = true                                      {product} {command line}

Logging:
Log output configuration:
 #0: stdout all=off uptime,level,tags
 #1: stderr all=off uptime,level,tags

Environment Variables:
JAVA_HOME=C:\Program Files\Java\jdk-17
PATH=C:\Program Files\Common Files\Oracle\Java\javapath;C:\Windows\system32;C:\Windows;C:\Windows\System32\Wbem;C:\Windows\System32\WindowsPowerShell\v1.0\;C:\Windows\System32\OpenSSH\;C:\Program Files (x86)\Intel\OpenCL SDK\2.0\bin\x86;C:\Program Files (x86)\Intel\OpenCL SDK\2.0\bin\x64;C:\Program Files\dotnet\;C:\Users\Dell i5 MBR\AppData\Local\Programs\Python\Python312;C:\Program Files\PuTTY\;C:\Program Files\Java\jdk-17\bin;C:\Program Files\nodejs\;C:\ProgramData\chocolatey\bin;C:\apache-maven\apache-maven-3.9.6\bin;C:\Users\Dell i5 MBR\AppData\Local\Programs\Python\Launcher\;C:\Users\Dell i5 MBR\AppData\Local\Microsoft\WindowsApps;;C:\Users\Dell i5 MBR\AppData\Local\Programs\Microsoft VS Code\bin;C:\Users\Dell i5 MBR\AppData\Roaming\npm
USERNAME=Dell i5 MBR
OS=Windows_NT
PROCESSOR_IDENTIFIER=Intel64 Family 6 Model 42 Stepping 7, GenuineIntel
TMP=C:\Users\DELLI5~1\AppData\Local\Temp
TEMP=C:\Users\DELLI5~1\AppData\Local\Temp



Periodic native trim disabled


---------------  S Y S T E M  ---------------

OS:
 Windows 11 , 64 bit Build 22621 (10.0.22621.2428)
OS uptime: 0 days 13:16 hours

CPU: total 4 (initial active 4) (2 cores per cpu, 2 threads per core) family 6 model 42 stepping 7 microcode 0x2f, cx8, cmov, fxsr, ht, mmx, sse, sse2, sse3, ssse3, sse4.1, sse4.2, popcnt, tsc, tscinvbit, avx, aes, clmul, vzeroupper, clflush
Processor Information for all 4 processors :
  Max Mhz: 2501, Current Mhz: 2501, Mhz Limit: 2501

Memory: 4k page, system-wide physical 6052M (766M free)
TotalPageFile size 12104M (AvailPageFile size 2916M)
current process WorkingSet (physical memory assigned to process): 391M, peak: 468M
current process commit charge ("private bytes"): 520M, peak: 551M

vm_info: OpenJDK 64-Bit Server VM (17.0.10+7) for windows-amd64 JRE (17.0.10+7), built on Jan 16 2024 23:25:11 by "admin" with MS VC++ 16.10 / 16.11 (VS2019)

END.
